Analysis & Synthesis report for lab3
Sun Nov 06 19:31:30 2022
Quartus II 64-Bit Version 13.1.0 Build 162 10/23/2013 SJ Web Edition


---------------------
; Table of Contents ;
---------------------
  1. Legal Notice
  2. Analysis & Synthesis Summary
  3. Analysis & Synthesis Settings
  4. Parallel Compilation
  5. Analysis & Synthesis Source Files Read
  6. Analysis & Synthesis Resource Usage Summary
  7. Analysis & Synthesis Resource Utilization by Entity
  8. General Register Statistics
  9. Port Connectivity Checks: "lab3:fsmCont|enARdFF_2:Y2"
 10. Port Connectivity Checks: "lab3:fsmCont|enARdFF_2:Y1"
 11. Port Connectivity Checks: "lab3:fsmCont|enARdFF_2:Y0"
 12. Port Connectivity Checks: "lab3:fsmCont"
 13. Port Connectivity Checks: "fourBitComparator:resetComp"
 14. Port Connectivity Checks: "fourbitaddsub:resetWeightGen"
 15. Port Connectivity Checks: "fourBitComparator:countComp|oneBitComparator:comp3"
 16. Port Connectivity Checks: "fourBitComparator:countComp"
 17. Port Connectivity Checks: "counter:systemCounter"
 18. Elapsed Time Per Partition
 19. Analysis & Synthesis Messages



----------------
; Legal Notice ;
----------------
Copyright (C) 1991-2013 Altera Corporation
Your use of Altera Corporation's design tools, logic functions 
and other software and tools, and its AMPP partner logic 
functions, and any output files from any of the foregoing 
(including device programming or simulation files), and any 
associated documentation or information are expressly subject 
to the terms and conditions of the Altera Program License 
Subscription Agreement, Altera MegaCore Function License 
Agreement, or other applicable license agreement, including, 
without limitation, that your use is for the sole purpose of 
programming logic devices manufactured by Altera and sold by 
Altera or its authorized distributors.  Please refer to the 
applicable agreement for further details.



+---------------------------------------------------------------------------------+
; Analysis & Synthesis Summary                                                    ;
+------------------------------------+--------------------------------------------+
; Analysis & Synthesis Status        ; Successful - Sun Nov 06 19:31:30 2022      ;
; Quartus II 64-Bit Version          ; 13.1.0 Build 162 10/23/2013 SJ Web Edition ;
; Revision Name                      ; lab3                                       ;
; Top-level Entity Name              ; controller                                 ;
; Family                             ; Cyclone IV E                               ;
; Total logic elements               ; 26                                         ;
;     Total combinational functions  ; 26                                         ;
;     Dedicated logic registers      ; 7                                          ;
; Total registers                    ; 7                                          ;
; Total pins                         ; 25                                         ;
; Total virtual pins                 ; 0                                          ;
; Total memory bits                  ; 0                                          ;
; Embedded Multiplier 9-bit elements ; 0                                          ;
; Total PLLs                         ; 0                                          ;
+------------------------------------+--------------------------------------------+


+----------------------------------------------------------------------------------------------------------------------+
; Analysis & Synthesis Settings                                                                                        ;
+----------------------------------------------------------------------------+--------------------+--------------------+
; Option                                                                     ; Setting            ; Default Value      ;
+----------------------------------------------------------------------------+--------------------+--------------------+
; Device                                                                     ; EP4CE115F29C7      ;                    ;
; Top-level entity name                                                      ; controller         ; lab3               ;
; Family name                                                                ; Cyclone IV E       ; Cyclone IV GX      ;
; Use smart compilation                                                      ; Off                ; Off                ;
; Enable parallel Assembler and TimeQuest Timing Analyzer during compilation ; On                 ; On                 ;
; Enable compact report table                                                ; Off                ; Off                ;
; Restructure Multiplexers                                                   ; Auto               ; Auto               ;
; Create Debugging Nodes for IP Cores                                        ; Off                ; Off                ;
; Preserve fewer node names                                                  ; On                 ; On                 ;
; Disable OpenCore Plus hardware evaluation                                  ; Off                ; Off                ;
; Verilog Version                                                            ; Verilog_2001       ; Verilog_2001       ;
; VHDL Version                                                               ; VHDL_1993          ; VHDL_1993          ;
; State Machine Processing                                                   ; Auto               ; Auto               ;
; Safe State Machine                                                         ; Off                ; Off                ;
; Extract Verilog State Machines                                             ; On                 ; On                 ;
; Extract VHDL State Machines                                                ; On                 ; On                 ;
; Ignore Verilog initial constructs                                          ; Off                ; Off                ;
; Iteration limit for constant Verilog loops                                 ; 5000               ; 5000               ;
; Iteration limit for non-constant Verilog loops                             ; 250                ; 250                ;
; Add Pass-Through Logic to Inferred RAMs                                    ; On                 ; On                 ;
; Infer RAMs from Raw Logic                                                  ; On                 ; On                 ;
; Parallel Synthesis                                                         ; On                 ; On                 ;
; DSP Block Balancing                                                        ; Auto               ; Auto               ;
; NOT Gate Push-Back                                                         ; On                 ; On                 ;
; Power-Up Don't Care                                                        ; On                 ; On                 ;
; Remove Redundant Logic Cells                                               ; Off                ; Off                ;
; Remove Duplicate Registers                                                 ; On                 ; On                 ;
; Ignore CARRY Buffers                                                       ; Off                ; Off                ;
; Ignore CASCADE Buffers                                                     ; Off                ; Off                ;
; Ignore GLOBAL Buffers                                                      ; Off                ; Off                ;
; Ignore ROW GLOBAL Buffers                                                  ; Off                ; Off                ;
; Ignore LCELL Buffers                                                       ; Off                ; Off                ;
; Ignore SOFT Buffers                                                        ; On                 ; On                 ;
; Limit AHDL Integers to 32 Bits                                             ; Off                ; Off                ;
; Optimization Technique                                                     ; Balanced           ; Balanced           ;
; Carry Chain Length                                                         ; 70                 ; 70                 ;
; Auto Carry Chains                                                          ; On                 ; On                 ;
; Auto Open-Drain Pins                                                       ; On                 ; On                 ;
; Perform WYSIWYG Primitive Resynthesis                                      ; Off                ; Off                ;
; Auto ROM Replacement                                                       ; On                 ; On                 ;
; Auto RAM Replacement                                                       ; On                 ; On                 ;
; Auto DSP Block Replacement                                                 ; On                 ; On                 ;
; Auto Shift Register Replacement                                            ; Auto               ; Auto               ;
; Allow Shift Register Merging across Hierarchies                            ; Auto               ; Auto               ;
; Auto Clock Enable Replacement                                              ; On                 ; On                 ;
; Strict RAM Replacement                                                     ; Off                ; Off                ;
; Allow Synchronous Control Signals                                          ; On                 ; On                 ;
; Force Use of Synchronous Clear Signals                                     ; Off                ; Off                ;
; Auto RAM Block Balancing                                                   ; On                 ; On                 ;
; Auto RAM to Logic Cell Conversion                                          ; Off                ; Off                ;
; Auto Resource Sharing                                                      ; Off                ; Off                ;
; Allow Any RAM Size For Recognition                                         ; Off                ; Off                ;
; Allow Any ROM Size For Recognition                                         ; Off                ; Off                ;
; Allow Any Shift Register Size For Recognition                              ; Off                ; Off                ;
; Use LogicLock Constraints during Resource Balancing                        ; On                 ; On                 ;
; Ignore translate_off and synthesis_off directives                          ; Off                ; Off                ;
; Timing-Driven Synthesis                                                    ; On                 ; On                 ;
; Report Parameter Settings                                                  ; On                 ; On                 ;
; Report Source Assignments                                                  ; On                 ; On                 ;
; Report Connectivity Checks                                                 ; On                 ; On                 ;
; Ignore Maximum Fan-Out Assignments                                         ; Off                ; Off                ;
; Synchronization Register Chain Length                                      ; 2                  ; 2                  ;
; PowerPlay Power Optimization                                               ; Normal compilation ; Normal compilation ;
; HDL message level                                                          ; Level2             ; Level2             ;
; Suppress Register Optimization Related Messages                            ; Off                ; Off                ;
; Number of Removed Registers Reported in Synthesis Report                   ; 5000               ; 5000               ;
; Number of Swept Nodes Reported in Synthesis Report                         ; 5000               ; 5000               ;
; Number of Inverted Registers Reported in Synthesis Report                  ; 100                ; 100                ;
; Clock MUX Protection                                                       ; On                 ; On                 ;
; Auto Gated Clock Conversion                                                ; Off                ; Off                ;
; Block Design Naming                                                        ; Auto               ; Auto               ;
; SDC constraint protection                                                  ; Off                ; Off                ;
; Synthesis Effort                                                           ; Auto               ; Auto               ;
; Shift Register Replacement - Allow Asynchronous Clear Signal               ; On                 ; On                 ;
; Pre-Mapping Resynthesis Optimization                                       ; Off                ; Off                ;
; Analysis & Synthesis Message Level                                         ; Medium             ; Medium             ;
; Disable Register Merging Across Hierarchies                                ; Auto               ; Auto               ;
; Resource Aware Inference For Block RAM                                     ; On                 ; On                 ;
; Synthesis Seed                                                             ; 1                  ; 1                  ;
+----------------------------------------------------------------------------+--------------------+--------------------+


+------------------------------------------+
; Parallel Compilation                     ;
+----------------------------+-------------+
; Processors                 ; Number      ;
+----------------------------+-------------+
; Number detected on machine ; 12          ;
; Maximum allowed            ; 12          ;
;                            ;             ;
; Average used               ; 1.00        ;
; Maximum used               ; 2           ;
;                            ;             ;
; Usage by Processor         ; % Time Used ;
;     Processor 1            ; 100.0%      ;
;     Processor 2            ; < 0.1%      ;
;     Processors 3-12        ;   0.0%      ;
+----------------------------+-------------+


+-------------------------------------------------------------------------------------------------------------------------------------------------------------------------------------+
; Analysis & Synthesis Source Files Read                                                                                                                                              ;
+----------------------------------+-----------------+-----------------+----------------------------------------------------------------------------------------------------+---------+
; File Name with User-Entered Path ; Used in Netlist ; File Type       ; File Name with Absolute Path                                                                       ; Library ;
+----------------------------------+-----------------+-----------------+----------------------------------------------------------------------------------------------------+---------+
; onebitadder.vhd                  ; yes             ; User VHDL File  ; C:/Users/grobb/Documents/.University/Digital_Systems/Labs/Lab_3/CEG3155_Lab3/onebitadder.vhd       ;         ;
; fourbitaddsub.vhd                ; yes             ; User VHDL File  ; C:/Users/grobb/Documents/.University/Digital_Systems/Labs/Lab_3/CEG3155_Lab3/fourbitaddsub.vhd     ;         ;
; oneBitComparator.vhd             ; yes             ; User VHDL File  ; C:/Users/grobb/Documents/.University/Digital_Systems/Labs/Lab_3/CEG3155_Lab3/oneBitComparator.vhd  ;         ;
; fourBitComparator.vhd            ; yes             ; User VHDL File  ; C:/Users/grobb/Documents/.University/Digital_Systems/Labs/Lab_3/CEG3155_Lab3/fourBitComparator.vhd ;         ;
; counter.vhd                      ; yes             ; User VHDL File  ; C:/Users/grobb/Documents/.University/Digital_Systems/Labs/Lab_3/CEG3155_Lab3/counter.vhd           ;         ;
; enardFF_2.vhd                    ; yes             ; User VHDL File  ; C:/Users/grobb/Documents/.University/Digital_Systems/Labs/Lab_3/CEG3155_Lab3/enardFF_2.vhd         ;         ;
; lab3.vhd                         ; yes             ; User VHDL File  ; C:/Users/grobb/Documents/.University/Digital_Systems/Labs/Lab_3/CEG3155_Lab3/lab3.vhd              ;         ;
; controller.vhd                   ; yes             ; User VHDL File  ; C:/Users/grobb/Documents/.University/Digital_Systems/Labs/Lab_3/CEG3155_Lab3/controller.vhd        ;         ;
+----------------------------------+-----------------+-----------------+----------------------------------------------------------------------------------------------------+---------+


+-------------------------------------------------------------------------------+
; Analysis & Synthesis Resource Usage Summary                                   ;
+---------------------------------------------+---------------------------------+
; Resource                                    ; Usage                           ;
+---------------------------------------------+---------------------------------+
; Estimated Total logic elements              ; 26                              ;
;                                             ;                                 ;
; Total combinational functions               ; 26                              ;
; Logic element usage by number of LUT inputs ;                                 ;
;     -- 4 input functions                    ; 12                              ;
;     -- 3 input functions                    ; 6                               ;
;     -- <=2 input functions                  ; 8                               ;
;                                             ;                                 ;
; Logic elements by mode                      ;                                 ;
;     -- normal mode                          ; 26                              ;
;     -- arithmetic mode                      ; 0                               ;
;                                             ;                                 ;
; Total registers                             ; 7                               ;
;     -- Dedicated logic registers            ; 7                               ;
;     -- I/O registers                        ; 0                               ;
;                                             ;                                 ;
; I/O pins                                    ; 25                              ;
; Embedded Multiplier 9-bit elements          ; 0                               ;
; Maximum fan-out node                        ; lab3:fsmCont|enARdFF_2:Y1|int_q ;
; Maximum fan-out                             ; 13                              ;
; Total fan-out                               ; 142                             ;
; Average fan-out                             ; 1.71                            ;
+---------------------------------------------+---------------------------------+


+--------------------------------------------------------------------------------------------------------------------------------------------------------------------------------------------------------------------------+
; Analysis & Synthesis Resource Utilization by Entity                                                                                                                                                                      ;
+-----------------------------------+-------------------+--------------+-------------+--------------+---------+-----------+------+--------------+-----------------------------------------------------------+--------------+
; Compilation Hierarchy Node        ; LC Combinationals ; LC Registers ; Memory Bits ; DSP Elements ; DSP 9x9 ; DSP 18x18 ; Pins ; Virtual Pins ; Full Hierarchy Name                                       ; Library Name ;
+-----------------------------------+-------------------+--------------+-------------+--------------+---------+-----------+------+--------------+-----------------------------------------------------------+--------------+
; |controller                       ; 26 (5)            ; 7 (0)        ; 0           ; 0            ; 0       ; 0         ; 25   ; 0            ; |controller                                               ; work         ;
;    |counter:systemCounter|        ; 4 (0)             ; 4 (0)        ; 0           ; 0            ; 0       ; 0         ; 0    ; 0            ; |controller|counter:systemCounter                         ; work         ;
;       |enARdFF_2:bit0|            ; 1 (1)             ; 1 (1)        ; 0           ; 0            ; 0       ; 0         ; 0    ; 0            ; |controller|counter:systemCounter|enARdFF_2:bit0          ; work         ;
;       |enARdFF_2:bit1|            ; 1 (1)             ; 1 (1)        ; 0           ; 0            ; 0       ; 0         ; 0    ; 0            ; |controller|counter:systemCounter|enARdFF_2:bit1          ; work         ;
;       |enARdFF_2:bit2|            ; 1 (1)             ; 1 (1)        ; 0           ; 0            ; 0       ; 0         ; 0    ; 0            ; |controller|counter:systemCounter|enARdFF_2:bit2          ; work         ;
;       |enARdFF_2:bit3|            ; 1 (1)             ; 1 (1)        ; 0           ; 0            ; 0       ; 0         ; 0    ; 0            ; |controller|counter:systemCounter|enARdFF_2:bit3          ; work         ;
;    |fourBitComparator:countComp|  ; 3 (3)             ; 0 (0)        ; 0           ; 0            ; 0       ; 0         ; 0    ; 0            ; |controller|fourBitComparator:countComp                   ; work         ;
;    |fourbitaddsub:resetWeightGen| ; 3 (0)             ; 0 (0)        ; 0           ; 0            ; 0       ; 0         ; 0    ; 0            ; |controller|fourbitaddsub:resetWeightGen                  ; work         ;
;       |oneBitAdder:bit1|          ; 1 (1)             ; 0 (0)        ; 0           ; 0            ; 0       ; 0         ; 0    ; 0            ; |controller|fourbitaddsub:resetWeightGen|oneBitAdder:bit1 ; work         ;
;       |oneBitAdder:bit2|          ; 1 (1)             ; 0 (0)        ; 0           ; 0            ; 0       ; 0         ; 0    ; 0            ; |controller|fourbitaddsub:resetWeightGen|oneBitAdder:bit2 ; work         ;
;       |oneBitAdder:bit3|          ; 1 (1)             ; 0 (0)        ; 0           ; 0            ; 0       ; 0         ; 0    ; 0            ; |controller|fourbitaddsub:resetWeightGen|oneBitAdder:bit3 ; work         ;
;    |lab3:fsmCont|                 ; 11 (10)           ; 3 (0)        ; 0           ; 0            ; 0       ; 0         ; 0    ; 0            ; |controller|lab3:fsmCont                                  ; work         ;
;       |enARdFF_2:Y0|              ; 0 (0)             ; 1 (1)        ; 0           ; 0            ; 0       ; 0         ; 0    ; 0            ; |controller|lab3:fsmCont|enARdFF_2:Y0                     ; work         ;
;       |enARdFF_2:Y1|              ; 0 (0)             ; 1 (1)        ; 0           ; 0            ; 0       ; 0         ; 0    ; 0            ; |controller|lab3:fsmCont|enARdFF_2:Y1                     ; work         ;
;       |enARdFF_2:Y2|              ; 1 (1)             ; 1 (1)        ; 0           ; 0            ; 0       ; 0         ; 0    ; 0            ; |controller|lab3:fsmCont|enARdFF_2:Y2                     ; work         ;
+-----------------------------------+-------------------+--------------+-------------+--------------+---------+-----------+------+--------------+-----------------------------------------------------------+--------------+
Note: For table entries with two numbers listed, the numbers in parentheses indicate the number of resources of the given type used by the specific entity alone. The numbers listed outside of parentheses indicate the total resources of the given type used by the specific entity and all of its sub-entities in the hierarchy.


+------------------------------------------------------+
; General Register Statistics                          ;
+----------------------------------------------+-------+
; Statistic                                    ; Value ;
+----------------------------------------------+-------+
; Total registers                              ; 7     ;
; Number of registers using Synchronous Clear  ; 0     ;
; Number of registers using Synchronous Load   ; 0     ;
; Number of registers using Asynchronous Clear ; 7     ;
; Number of registers using Asynchronous Load  ; 0     ;
; Number of registers using Clock Enable       ; 0     ;
; Number of registers using Preset             ; 0     ;
+----------------------------------------------+-------+


+------------------------------------------------------------------------------------------------------------------+
; Port Connectivity Checks: "lab3:fsmCont|enARdFF_2:Y2"                                                            ;
+--------+--------+----------+-------------------------------------------------------------------------------------+
; Port   ; Type   ; Severity ; Details                                                                             ;
+--------+--------+----------+-------------------------------------------------------------------------------------+
; o_qbar ; Output ; Info     ; Connected to dangling logic. Logic that only feeds a dangling port will be removed. ;
+--------+--------+----------+-------------------------------------------------------------------------------------+


+------------------------------------------------------------------------------------------------------------------+
; Port Connectivity Checks: "lab3:fsmCont|enARdFF_2:Y1"                                                            ;
+--------+--------+----------+-------------------------------------------------------------------------------------+
; Port   ; Type   ; Severity ; Details                                                                             ;
+--------+--------+----------+-------------------------------------------------------------------------------------+
; o_qbar ; Output ; Info     ; Connected to dangling logic. Logic that only feeds a dangling port will be removed. ;
+--------+--------+----------+-------------------------------------------------------------------------------------+


+------------------------------------------------------------------------------------------------------------------+
; Port Connectivity Checks: "lab3:fsmCont|enARdFF_2:Y0"                                                            ;
+--------+--------+----------+-------------------------------------------------------------------------------------+
; Port   ; Type   ; Severity ; Details                                                                             ;
+--------+--------+----------+-------------------------------------------------------------------------------------+
; o_qbar ; Output ; Info     ; Connected to dangling logic. Logic that only feeds a dangling port will be removed. ;
+--------+--------+----------+-------------------------------------------------------------------------------------+


+------------------------------------------------------------------------------------------------------------------------+
; Port Connectivity Checks: "lab3:fsmCont"                                                                               ;
+--------------+--------+----------+-------------------------------------------------------------------------------------+
; Port         ; Type   ; Severity ; Details                                                                             ;
+--------------+--------+----------+-------------------------------------------------------------------------------------+
; enable       ; Input  ; Info     ; Stuck at VCC                                                                        ;
; resetcounter ; Output ; Info     ; Connected to dangling logic. Logic that only feeds a dangling port will be removed. ;
+--------------+--------+----------+-------------------------------------------------------------------------------------+


+----------------------------------------------------------------------------------------------------------------+
; Port Connectivity Checks: "fourBitComparator:resetComp"                                                        ;
+------+--------+----------+-------------------------------------------------------------------------------------+
; Port ; Type   ; Severity ; Details                                                                             ;
+------+--------+----------+-------------------------------------------------------------------------------------+
; o_gt ; Output ; Info     ; Connected to dangling logic. Logic that only feeds a dangling port will be removed. ;
; o_lt ; Output ; Info     ; Connected to dangling logic. Logic that only feeds a dangling port will be removed. ;
+------+--------+----------+-------------------------------------------------------------------------------------+


+----------------------------------------------------------------------------------------------------------------------+
; Port Connectivity Checks: "fourbitaddsub:resetWeightGen"                                                             ;
+------------+--------+----------+-------------------------------------------------------------------------------------+
; Port       ; Type   ; Severity ; Details                                                                             ;
+------------+--------+----------+-------------------------------------------------------------------------------------+
; i_bi[3..1] ; Input  ; Info     ; Stuck at GND                                                                        ;
; i_bi[0]    ; Input  ; Info     ; Stuck at VCC                                                                        ;
; carryout   ; Output ; Info     ; Connected to dangling logic. Logic that only feeds a dangling port will be removed. ;
; controller ; Input  ; Info     ; Stuck at GND                                                                        ;
; overflow   ; Output ; Info     ; Connected to dangling logic. Logic that only feeds a dangling port will be removed. ;
+------------+--------+----------+-------------------------------------------------------------------------------------+


+--------------------------------------------------------------------------------+
; Port Connectivity Checks: "fourBitComparator:countComp|oneBitComparator:comp3" ;
+--------------+-------+----------+----------------------------------------------+
; Port         ; Type  ; Severity ; Details                                      ;
+--------------+-------+----------+----------------------------------------------+
; i_gtprevious ; Input ; Info     ; Stuck at GND                                 ;
; i_ltprevious ; Input ; Info     ; Stuck at GND                                 ;
+--------------+-------+----------+----------------------------------------------+


+----------------------------------------------------------------------------------------------------------------+
; Port Connectivity Checks: "fourBitComparator:countComp"                                                        ;
+------+--------+----------+-------------------------------------------------------------------------------------+
; Port ; Type   ; Severity ; Details                                                                             ;
+------+--------+----------+-------------------------------------------------------------------------------------+
; o_gt ; Output ; Info     ; Connected to dangling logic. Logic that only feeds a dangling port will be removed. ;
; o_lt ; Output ; Info     ; Connected to dangling logic. Logic that only feeds a dangling port will be removed. ;
+------+--------+----------+-------------------------------------------------------------------------------------+


+---------------------------------------------------+
; Port Connectivity Checks: "counter:systemCounter" ;
+--------+-------+----------+-----------------------+
; Port   ; Type  ; Severity ; Details               ;
+--------+-------+----------+-----------------------+
; i_load ; Input ; Info     ; Stuck at VCC          ;
+--------+-------+----------+-----------------------+


+-------------------------------+
; Elapsed Time Per Partition    ;
+----------------+--------------+
; Partition Name ; Elapsed Time ;
+----------------+--------------+
; Top            ; 00:00:00     ;
+----------------+--------------+


+-------------------------------+
; Analysis & Synthesis Messages ;
+-------------------------------+
Info: *******************************************************************
Info: Running Quartus II 64-Bit Analysis & Synthesis
    Info: Version 13.1.0 Build 162 10/23/2013 SJ Web Edition
    Info: Processing started: Sun Nov 06 19:31:28 2022
Info: Command: quartus_map --read_settings_files=on --write_settings_files=off lab3 -c lab3
Info (20030): Parallel compilation is enabled and will use 12 of the 12 processors detected
Info (12021): Found 2 design units, including 1 entities, in source file onebitadder.vhd
    Info (12022): Found design unit 1: oneBitAdder-rtl
    Info (12023): Found entity 1: oneBitAdder
Info (12021): Found 2 design units, including 1 entities, in source file fourbitaddsub.vhd
    Info (12022): Found design unit 1: fourbitaddsub-rtl
    Info (12023): Found entity 1: fourbitaddsub
Info (12021): Found 2 design units, including 1 entities, in source file onebitcomparator.vhd
    Info (12022): Found design unit 1: oneBitComparator-rtl
    Info (12023): Found entity 1: oneBitComparator
Info (12021): Found 2 design units, including 1 entities, in source file fourbitcomparator.vhd
    Info (12022): Found design unit 1: fourBitComparator-rtl
    Info (12023): Found entity 1: fourBitComparator
Info (12021): Found 2 design units, including 1 entities, in source file debouncer.vhd
    Info (12022): Found design unit 1: debouncer-fsm
    Info (12023): Found entity 1: debouncer
Info (12021): Found 2 design units, including 1 entities, in source file counter.vhd
    Info (12022): Found design unit 1: counter-rtl
    Info (12023): Found entity 1: counter
Info (12021): Found 2 design units, including 1 entities, in source file clk_div.vhd
    Info (12022): Found design unit 1: clk_div-a
    Info (12023): Found entity 1: clk_div
Info (12021): Found 2 design units, including 1 entities, in source file h2inmux4bit.vhd
    Info (12022): Found design unit 1: h2InMux4bit-struct2mux4b
    Info (12023): Found entity 1: h2InMux4bit
Info (12021): Found 2 design units, including 1 entities, in source file h2inmux.vhd
    Info (12022): Found design unit 1: h2InMux-struct2mux
    Info (12023): Found entity 1: h2InMux
Info (12021): Found 2 design units, including 1 entities, in source file fourmux.vhd
    Info (12022): Found design unit 1: fourMux-struct4InMux
    Info (12023): Found entity 1: fourMux
Info (12021): Found 2 design units, including 1 entities, in source file enardff_2.vhd
    Info (12022): Found design unit 1: enARdFF_2-rtl
    Info (12023): Found entity 1: enARdFF_2
Info (12021): Found 2 design units, including 1 entities, in source file eightbitleftshift.vhd
    Info (12022): Found design unit 1: eightBitLeftShift-bdf_type
    Info (12023): Found entity 1: eightBitLeftShift
Info (12021): Found 2 design units, including 1 entities, in source file lab3.vhd
    Info (12022): Found design unit 1: lab3-structStateMach
    Info (12023): Found entity 1: lab3
Info (12021): Found 2 design units, including 1 entities, in source file controller.vhd
    Info (12022): Found design unit 1: controller-structCont
    Info (12023): Found entity 1: controller
Info (12127): Elaborating entity "controller" for the top level hierarchy
Info (12128): Elaborating entity "counter" for hierarchy "counter:systemCounter"
Info (12128): Elaborating entity "enARdFF_2" for hierarchy "counter:systemCounter|enARdFF_2:bit0"
Info (12128): Elaborating entity "fourBitComparator" for hierarchy "fourBitComparator:countComp"
Info (12128): Elaborating entity "oneBitComparator" for hierarchy "fourBitComparator:countComp|oneBitComparator:comp3"
Info (12128): Elaborating entity "fourbitaddsub" for hierarchy "fourbitaddsub:resetWeightGen"
Warning (10036): Verilog HDL or VHDL warning at fourbitaddsub.vhd(45): object "gnd" assigned a value but never read
Info (12128): Elaborating entity "oneBitAdder" for hierarchy "fourbitaddsub:resetWeightGen|oneBitAdder:bit0"
Info (12128): Elaborating entity "lab3" for hierarchy "lab3:fsmCont"
Info (286030): Timing-Driven Synthesis is running
Info (16010): Generating hard_block partition "hard_block:auto_generated_inst"
    Info (16011): Adding 0 node(s), including 0 DDIO, 0 PLL, 0 transceiver and 0 LCELL
Info (21057): Implemented 51 device resources after synthesis - the final resource count might be different
    Info (21058): Implemented 7 input pins
    Info (21059): Implemented 18 output pins
    Info (21061): Implemented 26 logic cells
Info: Quartus II 64-Bit Analysis & Synthesis was successful. 0 errors, 1 warning
    Info: Peak virtual memory: 4691 megabytes
    Info: Processing ended: Sun Nov 06 19:31:30 2022
    Info: Elapsed time: 00:00:02
    Info: Total CPU time (on all processors): 00:00:02


